# project  configured on Sat Feb 25 09:18:05 2017 by
# waf 1.7.11 (abi 98, python 2070af0 on darwin)
# using /Users/Jon/Library/Application Support/Pebble SDK/SDKs/current/sdk-core/pebble/waf configure
#
----------------------------------------
Setting top to
/Users/Jon/suchDev/pebble/obey
----------------------------------------
Setting out to
/Users/Jon/suchDev/pebble/obey/build
----------------------------------------
Checking for program webpack
/Users/Jon/Library/Application Support/Pebble SDK/SDKs/current/node_modules/.bin/webpack
find program=['webpack'] paths=['/Users/Jon/Library/Application Support/Pebble SDK/SDKs/current/node_modules/.bin'] var='WEBPACK' -> '/Users/Jon/Library/Application Support/Pebble SDK/SDKs/current/node_modules/.bin/webpack'
----------------------------------------
Checking for program node,nodejs
/usr/local/bin/node
find program=['node', 'nodejs'] paths=['/usr/local/Cellar/pebble-toolchain/2.0/arm-cs-tools/bin', '/usr/local/bin', '/usr/bin', '/bin', '/usr/sbin', '/sbin', '/opt/X11/bin'] var='NODE' -> '/usr/local/bin/node'
----------------------------------------
Found Pebble SDK for emery in:
/Users/Jon/Library/Application Support/Pebble SDK/SDKs/current/sdk-core/pebble/emery
----------------------------------------
Checking for program gcc,cc
arm-none-eabi-gcc
find program=['gcc', 'cc'] paths='' var='CC' -> 'arm-none-eabi-gcc'
----------------------------------------
Checking for program ar
arm-none-eabi-ar
find program=['ar'] paths='' var='AR' -> 'arm-none-eabi-ar'
----------------------------------------
Found Pebble SDK for diorite in:
/Users/Jon/Library/Application Support/Pebble SDK/SDKs/current/sdk-core/pebble/diorite
----------------------------------------
Checking for program gcc,cc
arm-none-eabi-gcc
find program=['gcc', 'cc'] paths='' var='CC' -> 'arm-none-eabi-gcc'
----------------------------------------
Checking for program ar
arm-none-eabi-ar
find program=['ar'] paths='' var='AR' -> 'arm-none-eabi-ar'
----------------------------------------
Found Pebble SDK for chalk in:
/Users/Jon/Library/Application Support/Pebble SDK/SDKs/current/sdk-core/pebble/chalk
----------------------------------------
Checking for program gcc,cc
arm-none-eabi-gcc
find program=['gcc', 'cc'] paths='' var='CC' -> 'arm-none-eabi-gcc'
----------------------------------------
Checking for program ar
arm-none-eabi-ar
find program=['ar'] paths='' var='AR' -> 'arm-none-eabi-ar'
----------------------------------------
Found Pebble SDK for basalt in:
/Users/Jon/Library/Application Support/Pebble SDK/SDKs/current/sdk-core/pebble/basalt
----------------------------------------
Checking for program gcc,cc
arm-none-eabi-gcc
find program=['gcc', 'cc'] paths='' var='CC' -> 'arm-none-eabi-gcc'
----------------------------------------
Checking for program ar
arm-none-eabi-ar
find program=['ar'] paths='' var='AR' -> 'arm-none-eabi-ar'
